1630078947448:by
1630078952289:qui
1630339905707:listMacro
1630395127710:help
1630395161543:list-macro
1631017475230:help
1631017498974:list-macro
1631018993686:help
1631019034651:list-macro
1631020384620:quit
1631020410168:list-macro
1631023305788:quit
1631023328737:list-macro
1631023533726:quit
1631023552981:list-macro
1631026837569:quit
1631026860917:list-macro
1631026895512:quit
1631026915285:list-macro
1631027084581:stacktrace
1631027356280:qui
1631027716632:quit
1631027743696:list-macro
1631029135825:f
1631029146806:qui
1631029663087:quit
1631029685157:list-macro
1631029811668:quit
1631029833469:list-macro
1631029862029:quit
1631029883450:list-macro
1631031848976:quit
1631087273529:list-macro
1631087720621:quit
1631087885315:list-macro
1631090976500:quit
1631095183777:list-macro
1631095345758:quit
1631095367100:list-macro
1631095522691:quit
1631104502508:list-macro
1631104726452:quit
1631608464078:mft ls
1631608582960:quit
1631608601688:mft ls
1631608991218:quit
1631609016854:mft ls
1631609094057:quit
1631609123782:mft ls
1631610337356:quit
1631610357848:mft ls
1631610405142:quit
1631610423087:mft ls
1631610461590:mft ftp-put -f hhhh
1631610603817:mft 'ftp-put -f hhhh'
1631610999483:quit
1631611020152:mft ls -l
1631611040652:mft ls lt
1631611178918:quit
1631611202821:mft ls t p
1631612683413:quit
1631612714965:mft ftp-put -f tes
1631612721314:stacktrace
1631613171391:qui
1631613178428:quit
1631613276079:mft ls -l -k -p -f
1631613903929:qui
1631613908279:quit
1631613932097:mft -k -s
1631613986462:quit
1631614018507:mft -t -p -m
1631614037040:mft ls -k
1631614045738:mft ls k d
1631622001330:qui
1631622004624:quit
1631622040088:ftp-put -u user
1631622998229:quit
1631623045085:ftp-put -c tes
1631623066886:ftp-put -C tes
1631623184190:quit
1631623212267:ftp-put -C tes
1631623345676:ftp-put tes
1632323928751:load-protocol
1632323998459:load-protocol fichier01_lecture
1632388026509:1mstacktrace
1632388045877:stacktrace
1632388071004:load-protocol fichier01_lecture
1632388103717:stacktrace
1632388628902:load-protocol fichier01_lecture
1633534830355:load-protocol Fichier01_Lecture
1633534896959:load-protocole fichier01_écriture
1633534918064:load-protocol fichier01_écriture
1634046892433:test-notify java
1634047471595:test-notify
1634047479486:test-notify java
1634047717774:quit
